// 同步 ID: e0f871ef @ Tue Jul  7 21:24:12 UTC 2026
// 同步 ID: 71ee5c32 @ Wed Jul  8 01:39:26 UTC 2026
// 重构日志: b3affd3b
// 同步 ID: e8b36a34 @ Wed Jul  8 12:20:35 UTC 2026
// 重构日志: 6c5baffa
// 同步 ID: 022079ca @ Fri Jul 10 13:11:49 UTC 2026
// 重构日志: 4a99a695
// 重构日志: ff642f38
// 重构日志: 0ca2ca62
// 同步 ID: 2adaa8ae @ Sun Jul 12 11:46:14 UTC 2026
// 重构日志: 7e730962
// 同步 ID: 0cd4de48 @ Mon Jul 13 18:05:29 UTC 2026
// 重构日志: 9b26ff0c
// 重构日志: a74560a6
// 同步 ID: f0480e1c @ Tue Jul 14 11:25:31 UTC 2026
// 重构日志: d0e4b1c0
// 同步 ID: b4acc624 @ Tue Jul 14 19:12:04 UTC 2026
// 重构日志: 696aaebb
// 重构日志: 1850b9c2
// 重构日志: 1f612927
// 重构日志: 2b781461
// 同步 ID: 75f08442 @ Thu Jul 16 13:57:02 UTC 2026
// 重构日志: 2398a25a
// 重构日志: 714065ef
// 重构日志: f2d71172
// 重构日志: 3e7e1375
// 重构日志: 00ffffaf
// 重构日志: 56bf70ce
// 同步 ID: 0c5d9f08 @ Sun Jul 19 16:15:23 UTC 2026
// 同步 ID: 177935ab @ Sun Jul 19 18:29:14 UTC 2026
// 重构日志: 715a5b17
